2025-03-26 21:55:00.102 +0530 [debug] ([34mconfigs.js[0m) [31mloaded default configs as "{"updates":{"manifest_url":"https://cdn.freshdev.io/assets/fdk/updates.json","period":24},"log":{"level":"info"},"javascript":{"ecma_version":2020},"request":{"timeout":15000},"global_apps":{"enabled":false},"easel":{"enabled":false}}"[0m
2025-03-26 21:55:00.105 +0530 [debug] ([34mfile.js[0m) [31mError while requiring C:\Users\Dell\.fdk\configs.json: Cannot find module 'C:\Users\Dell\.fdk\configs.json'
Require stack:
- C:\Users\Dell\AppData\Roaming\npm\node_modules\fdk\lib\utils\file.js
- C:\Users\Dell\AppData\Roaming\npm\node_modules\fdk\lib\configs.js
- C:\Users\Dell\AppData\Roaming\npm\node_modules\fdk\lib\logger.js
- C:\Users\Dell\AppData\Roaming\npm\node_modules\fdk\index.js[0m
2025-03-26 21:55:00.106 +0530 [debug] ([34mconfigs.js[0m) [31mloaded global configs as "{}"[0m
2025-03-26 21:55:00.106 +0530 [debug] ([34mfile.js[0m) [31mError while requiring C:\Users\Dell\Desktop\poject-mukul\CallerDesk\phone\new\.fdk\configs.json: Cannot find module 'C:\Users\Dell\Desktop\poject-mukul\CallerDesk\phone\new\.fdk\configs.json'
Require stack:
- C:\Users\Dell\AppData\Roaming\npm\node_modules\fdk\lib\utils\file.js
- C:\Users\Dell\AppData\Roaming\npm\node_modules\fdk\lib\configs.js
- C:\Users\Dell\AppData\Roaming\npm\node_modules\fdk\lib\logger.js
- C:\Users\Dell\AppData\Roaming\npm\node_modules\fdk\index.js[0m
2025-03-26 21:55:00.107 +0530 [debug] ([34mfile.js[0m) [31mError while requiring C:\Users\Dell\Desktop\poject-mukul\CallerDesk\phone\new\.fdk\configs.json: Cannot find module 'C:\Users\Dell\Desktop\poject-mukul\CallerDesk\phone\new\.fdk\configs.json'
Require stack:
- C:\Users\Dell\AppData\Roaming\npm\node_modules\fdk\lib\utils\file.js
- C:\Users\Dell\AppData\Roaming\npm\node_modules\fdk\lib\configs.js
- C:\Users\Dell\AppData\Roaming\npm\node_modules\fdk\lib\logger.js
- C:\Users\Dell\AppData\Roaming\npm\node_modules\fdk\index.js[0m
2025-03-26 21:55:00.107 +0530 [debug] ([34mconfigs.js[0m) [31mloaded local configs as "{}"[0m
2025-03-26 21:55:00.107 +0530 [debug] ([34mconfigs.js[0m) [31mloaded env configs as "{"updates":{},"log":{},"javascript":{},"request":{"timeout":15000}}"[0m
2025-03-26 21:55:00.107 +0530 [debug] ([34mconfigs.js[0m) [31mloaded resolved configs as "{"updates":{"manifest_url":"https://cdn.freshdev.io/assets/fdk/updates.json","period":24},"log":{"level":"info"},"javascript":{"ecma_version":2020},"request":{"timeout":15000},"global_apps":{"enabled":false},"easel":{"enabled":false}}"[0m
2025-03-26 21:55:00.108 +0530 [debug] ([34mlogger.js[0m) [31mStarting FDK in node v18.20.7 on win32[0m
2025-03-26 21:55:00.108 +0530 [debug] ([34msequelize.js[0m) [31msetting up sqilite at "C:\Users\Dell\Desktop\poject-mukul\CallerDesk\phone\new/.fdk/store.sqlite"[0m
2025-03-26 21:55:00.108 +0530 [debug] ([34mdata.js[0m) [31mRead {"version_details":{"cli":{"deprecated":{"version":"<9","message":"This FDK version has been deprecated. There will be no further feature updates to this version. For a seamless app-building experience, ensure to move to the latest FDK version. For more information, see https://developers.freshworks.com/docs/app-sdk/v2.3/freshdesk/migration-guide/#migrate-to-the-latest-platform-version."},"forced":{"version":"7.0.0","command":"npm install https://dl.freshdev.io/cli/fdk-7.0.0.tgz -g","message":"Your FDK version has been forced updated to v7.0.0, please visit https://community.developers.freshworks.com/t/fdk-v7-0-announcing-node-js-v12-and-es6-support/3606 to know more"},"latest":{"version":"9.3.1","command":"npm install https://cdn.freshdev.io/fdk/latest.tgz -g","message":"You are on the latest FDK version. For information on the features available as part of this FDK version, see https://developers.freshworks.com/docs/?tab=modules."}},"addon":{"version":"2.0.8","url":"https://cdn.freshdev.io/assets/fdk/addons/addon.zip"}},"last_updated":{"time_stamp":1742922828014}}[0m
2025-03-26 21:55:00.109 +0530 [debug] ([34mupdater.js[0m) [31mlast check less than 24 hours ago, not looking for updates[0m
2025-03-26 21:55:00.117 +0530 [debug] ([34mindex.js[0m) [31mrunning with opts {}[0m
2025-03-26 21:55:00.176 +0530 [debug] ([34mdata.js[0m) [31mRead {"version_details":{"cli":{"deprecated":{"version":"<9","message":"This FDK version has been deprecated. There will be no further feature updates to this version. For a seamless app-building experience, ensure to move to the latest FDK version. For more information, see https://developers.freshworks.com/docs/app-sdk/v2.3/freshdesk/migration-guide/#migrate-to-the-latest-platform-version."},"forced":{"version":"7.0.0","command":"npm install https://dl.freshdev.io/cli/fdk-7.0.0.tgz -g","message":"Your FDK version has been forced updated to v7.0.0, please visit https://community.developers.freshworks.com/t/fdk-v7-0-announcing-node-js-v12-and-es6-support/3606 to know more"},"latest":{"version":"9.3.1","command":"npm install https://cdn.freshdev.io/fdk/latest.tgz -g","message":"You are on the latest FDK version. For information on the features available as part of this FDK version, see https://developers.freshworks.com/docs/?tab=modules."}},"addon":{"version":"2.0.8","url":"https://cdn.freshdev.io/assets/fdk/addons/addon.zip"}},"last_updated":{"time_stamp":1742922828014}}[0m
2025-03-26 21:55:00.197 +0530 [debug] ([34mcreate.js[0m) [31m'init' called with C:\Users\Dell\Desktop\poject-mukul\CallerDesk\phone\new, undefined, undefined[0m
2025-03-26 21:55:34.169 +0530 [debug] ([34mcreate.js[0m) [31mInitializing template "your_first_app" for "freshsales".[0m
2025-03-26 21:55:34.227 +0530 [info] A new Freshsales app was successfully created from template "your_first_app" with the following files.

2025-03-26 21:57:22.592 +0530 [debug] ([34mconfigs.js[0m) [31mloaded default configs as "{"updates":{"manifest_url":"https://cdn.freshdev.io/assets/fdk/updates.json","period":24},"log":{"level":"info"},"javascript":{"ecma_version":2020},"request":{"timeout":15000},"global_apps":{"enabled":false},"easel":{"enabled":false}}"[0m
2025-03-26 21:57:22.596 +0530 [debug] ([34mfile.js[0m) [31mError while requiring C:\Users\Dell\.fdk\configs.json: Cannot find module 'C:\Users\Dell\.fdk\configs.json'
Require stack:
- C:\Users\Dell\AppData\Roaming\npm\node_modules\fdk\lib\utils\file.js
- C:\Users\Dell\AppData\Roaming\npm\node_modules\fdk\lib\configs.js
- C:\Users\Dell\AppData\Roaming\npm\node_modules\fdk\lib\logger.js
- C:\Users\Dell\AppData\Roaming\npm\node_modules\fdk\index.js[0m
2025-03-26 21:57:22.596 +0530 [debug] ([34mconfigs.js[0m) [31mloaded global configs as "{}"[0m
2025-03-26 21:57:22.597 +0530 [debug] ([34mconfigs.js[0m) [31mloaded local configs as "{"request":{"timeout":15000}}"[0m
2025-03-26 21:57:22.597 +0530 [debug] ([34mconfigs.js[0m) [31mloaded env configs as "{"updates":{},"log":{},"javascript":{},"request":{"timeout":15000}}"[0m
2025-03-26 21:57:22.598 +0530 [debug] ([34mconfigs.js[0m) [31mloaded resolved configs as "{"updates":{"manifest_url":"https://cdn.freshdev.io/assets/fdk/updates.json","period":24},"log":{"level":"info"},"javascript":{"ecma_version":2020},"request":{"timeout":15000},"global_apps":{"enabled":false},"easel":{"enabled":false}}"[0m
2025-03-26 21:57:22.598 +0530 [debug] ([34mlogger.js[0m) [31mStarting FDK in node v18.20.7 on win32[0m
2025-03-26 21:57:22.598 +0530 [debug] ([34msequelize.js[0m) [31msetting up sqilite at "C:\Users\Dell\Desktop\poject-mukul\CallerDesk\phone\new/.fdk/store.sqlite"[0m
2025-03-26 21:57:22.598 +0530 [debug] ([34mdata.js[0m) [31mRead {"version_details":{"cli":{"deprecated":{"version":"<9","message":"This FDK version has been deprecated. There will be no further feature updates to this version. For a seamless app-building experience, ensure to move to the latest FDK version. For more information, see https://developers.freshworks.com/docs/app-sdk/v2.3/freshdesk/migration-guide/#migrate-to-the-latest-platform-version."},"forced":{"version":"7.0.0","command":"npm install https://dl.freshdev.io/cli/fdk-7.0.0.tgz -g","message":"Your FDK version has been forced updated to v7.0.0, please visit https://community.developers.freshworks.com/t/fdk-v7-0-announcing-node-js-v12-and-es6-support/3606 to know more"},"latest":{"version":"9.3.1","command":"npm install https://cdn.freshdev.io/fdk/latest.tgz -g","message":"You are on the latest FDK version. For information on the features available as part of this FDK version, see https://developers.freshworks.com/docs/?tab=modules."}},"addon":{"version":"2.0.8","url":"https://cdn.freshdev.io/assets/fdk/addons/addon.zip"}},"last_updated":{"time_stamp":1742922828014}}[0m
2025-03-26 21:57:22.599 +0530 [debug] ([34mupdater.js[0m) [31mlast check less than 24 hours ago, not looking for updates[0m
2025-03-26 21:57:22.608 +0530 [debug] ([34mindex.js[0m) [31mrunning with opts {}[0m
2025-03-26 21:57:23.873 +0530 [debug] ([34mdata.js[0m) [31mRead {"version_details":{"cli":{"deprecated":{"version":"<9","message":"This FDK version has been deprecated. There will be no further feature updates to this version. For a seamless app-building experience, ensure to move to the latest FDK version. For more information, see https://developers.freshworks.com/docs/app-sdk/v2.3/freshdesk/migration-guide/#migrate-to-the-latest-platform-version."},"forced":{"version":"7.0.0","command":"npm install https://dl.freshdev.io/cli/fdk-7.0.0.tgz -g","message":"Your FDK version has been forced updated to v7.0.0, please visit https://community.developers.freshworks.com/t/fdk-v7-0-announcing-node-js-v12-and-es6-support/3606 to know more"},"latest":{"version":"9.3.1","command":"npm install https://cdn.freshdev.io/fdk/latest.tgz -g","message":"You are on the latest FDK version. For information on the features available as part of this FDK version, see https://developers.freshworks.com/docs/?tab=modules."}},"addon":{"version":"2.0.8","url":"https://cdn.freshdev.io/assets/fdk/addons/addon.zip"}},"last_updated":{"time_stamp":1742922828014}}[0m
2025-03-26 21:57:23.880 +0530 [debug] ([34mmanifest.js[0m) [31mReloading manifest with {"platform-version":"2.3","product":{"freshsales":{"location":{"left_nav_cti":{"url":"template.html","icon":"icon.svg"},"lead_entity_menu":{"url":"template.html","icon":"icon.svg"},"deal_entity_menu":{"url":"template.html","icon":"icon.svg"},"contact_entity_menu":{"url":"template.html","icon":"icon.svg"},"sales_account_entity_menu":{"url":"template.html","icon":"icon.svg"}}}},"engines":{"node":"18.20.7","fdk":"9.3.1"}}.[0m
2025-03-26 21:57:23.881 +0530 [debug] ([34mmanifest.js[0m) [31mInferred db as features.[0m
2025-03-26 21:57:23.933 +0530 [debug] ([34mdata.js[0m) [31mRead {"version_details":{"cli":{"deprecated":{"version":"<9","message":"This FDK version has been deprecated. There will be no further feature updates to this version. For a seamless app-building experience, ensure to move to the latest FDK version. For more information, see https://developers.freshworks.com/docs/app-sdk/v2.3/freshdesk/migration-guide/#migrate-to-the-latest-platform-version."},"forced":{"version":"7.0.0","command":"npm install https://dl.freshdev.io/cli/fdk-7.0.0.tgz -g","message":"Your FDK version has been forced updated to v7.0.0, please visit https://community.developers.freshworks.com/t/fdk-v7-0-announcing-node-js-v12-and-es6-support/3606 to know more"},"latest":{"version":"9.3.1","command":"npm install https://cdn.freshdev.io/fdk/latest.tgz -g","message":"You are on the latest FDK version. For information on the features available as part of this FDK version, see https://developers.freshworks.com/docs/?tab=modules."}},"addon":{"version":"2.0.8","url":"https://cdn.freshdev.io/assets/fdk/addons/addon.zip"}},"last_updated":{"time_stamp":1742922828014}}[0m
2025-03-26 21:57:24.944 +0530 [debug] ([34mfile.js[0m) [31mError while requiring C:\Users\Dell\Desktop\poject-mukul\CallerDesk\phone\new/.report.json: Cannot find module 'C:\Users\Dell\Desktop\poject-mukul\CallerDesk\phone\new/.report.json'
Require stack:
- C:\Users\Dell\AppData\Roaming\npm\node_modules\fdk\lib\utils\file.js
- C:\Users\Dell\AppData\Roaming\npm\node_modules\fdk\lib\configs.js
- C:\Users\Dell\AppData\Roaming\npm\node_modules\fdk\lib\logger.js
- C:\Users\Dell\AppData\Roaming\npm\node_modules\fdk\index.js[0m
2025-03-26 21:57:25.185 +0530 [debug] ([34mindex.js[0m) [31mloading model at "C:\Users\Dell\AppData\Roaming\npm\node_modules\fdk\lib\models\bigint-pivot.js"[0m
2025-03-26 21:57:25.193 +0530 [debug] ([34mindex.js[0m) [31mloading model at "C:\Users\Dell\AppData\Roaming\npm\node_modules\fdk\lib\models\entity-field-choice.js"[0m
2025-03-26 21:57:25.195 +0530 [debug] ([34mindex.js[0m) [31mloading model at "C:\Users\Dell\AppData\Roaming\npm\node_modules\fdk\lib\models\entity-field.js"[0m
2025-03-26 21:57:25.198 +0530 [debug] ([34mindex.js[0m) [31mloading model at "C:\Users\Dell\AppData\Roaming\npm\node_modules\fdk\lib\models\entity.js"[0m
2025-03-26 21:57:25.201 +0530 [debug] ([34mindex.js[0m) [31mloading model at "C:\Users\Dell\AppData\Roaming\npm\node_modules\fdk\lib\models\oauth-details.js"[0m
2025-03-26 21:57:25.204 +0530 [debug] ([34mindex.js[0m) [31mloading model at "C:\Users\Dell\AppData\Roaming\npm\node_modules\fdk\lib\models\record.js"[0m
2025-03-26 21:57:25.211 +0530 [debug] ([34mindex.js[0m) [31mloading model at "C:\Users\Dell\AppData\Roaming\npm\node_modules\fdk\lib\models\string-pivot.js"[0m
2025-03-26 21:57:28.461 +0530 [debug] ([34mdata.js[0m) [31mRead {"version_details":{"cli":{"deprecated":{"version":"<9","message":"This FDK version has been deprecated. There will be no further feature updates to this version. For a seamless app-building experience, ensure to move to the latest FDK version. For more information, see https://developers.freshworks.com/docs/app-sdk/v2.3/freshdesk/migration-guide/#migrate-to-the-latest-platform-version."},"forced":{"version":"7.0.0","command":"npm install https://dl.freshdev.io/cli/fdk-7.0.0.tgz -g","message":"Your FDK version has been forced updated to v7.0.0, please visit https://community.developers.freshworks.com/t/fdk-v7-0-announcing-node-js-v12-and-es6-support/3606 to know more"},"latest":{"version":"9.3.1","command":"npm install https://cdn.freshdev.io/fdk/latest.tgz -g","message":"You are on the latest FDK version. For information on the features available as part of this FDK version, see https://developers.freshworks.com/docs/?tab=modules."}},"addon":{"version":"2.0.8","url":"https://cdn.freshdev.io/assets/fdk/addons/addon.zip"}},"last_updated":{"time_stamp":1742922828014}}[0m
2025-03-26 21:57:31.490 +0530 [debug] ([34mvalidate.js[0m) [31masked to skip the following validations, [0m
2025-03-26 21:57:31.492 +0530 [debug] ([34mvalidate.js[0m) [31mrunning validator actions[0m
2025-03-26 21:57:31.492 +0530 [debug] ([34mvalidate.js[0m) [31mrunning validator requests[0m
2025-03-26 21:57:31.493 +0530 [debug] ([34mvalidate.js[0m) [31mrunning validator app-dir[0m
2025-03-26 21:57:31.496 +0530 [debug] ([34mvalidate.js[0m) [31mrunning validator config-dir[0m
2025-03-26 21:57:31.496 +0530 [debug] ([34mconfig-dir.js[0m) [31mChecking to see if C:\Users\Dell\Desktop\poject-mukul\CallerDesk\phone\new/config/ exists.[0m
2025-03-26 21:57:31.497 +0530 [debug] ([34mconfig-dir.js[0m) [31mFetched the following config files iparams.json[0m
2025-03-26 21:57:31.497 +0530 [debug] ([34mvalidate.js[0m) [31mrunning validator custom-objects[0m
2025-03-26 21:57:31.498 +0530 [debug] ([34mvalidate.js[0m) [31mrunning validator event[0m
2025-03-26 21:57:31.499 +0530 [debug] ([34mvalidate.js[0m) [31mrunning validator iparam[0m
2025-03-26 21:57:31.506 +0530 [debug] ([34mvalidate.js[0m) [31mrunning validator lint[0m
2025-03-26 21:57:31.506 +0530 [debug] ([34mlint.js[0m) [31mpassed fix flag: undefined[0m
2025-03-26 21:57:31.511 +0530 [debug] ([34mlint.js[0m) [31mRunning the following lints on the file app\app.js : no-eval,no-alert,no-debugger,no-unreachable,no-duplicate-imports,constructor-super,for-direction,no-class-assign,no-new-native-nonconstructor,valid-typeof,no-eq-null,no-var,require-await,no-unreachable-loop,no-redeclare,no-self-assign,no-setter-return,no-shadow-restricted-names,no-this-before-super,no-unsafe-finally,no-unsafe-optional-chaining,no-unused-vars,no-useless-catch,eqeqeq,prefer-const,require-yield,no-global-assign,no-caller,no-process-env,complexity,max-nested-callbacks,handle-callback-err,getter-return,no-async-promise-executor,no-case-declarations,no-compare-neg-zero,no-cond-assign,no-const-assign,no-constant-condition,no-control-regex,no-delete-var,no-dupe-args,no-dupe-class-members,no-dupe-else-if,no-dupe-keys,no-duplicate-case,no-empty,no-empty-character-class,no-empty-pattern,no-ex-assign,no-extra-boolean-cast,no-extra-semi,no-fallthrough,no-func-assign,no-import-assign,no-inner-declarations,no-invalid-regexp,no-irregular-whitespace,no-loss-of-precision,no-misleading-character-class,no-mixed-spaces-and-tabs,no-nonoctal-decimal-escape,no-obj-calls,no-octal,no-prototype-builtins,no-regex-spaces,no-sparse-arrays,no-unexpected-multiline,no-unsafe-negation,no-unused-labels,no-useless-backreference,no-useless-escape,no-with,use-isnan,no-unpkg-cdn,no-proxy-requests,no-unhandled-promise,no-logging-rejections,no-non-client-request-model,no-deprecated-apis,no-cross-scope-assign,no-empty-function[0m
2025-03-26 21:57:31.882 +0530 [debug] ([34mvalidate.js[0m) [31mrunning validator manifest[0m
2025-03-26 21:57:31.882 +0530 [debug] ([34mvalidate.js[0m) [31mskipping validator manifest-dependency[0m
2025-03-26 21:57:31.883 +0530 [debug] ([34mvalidate.js[0m) [31mrunning validator oauth[0m
2025-03-26 21:57:31.883 +0530 [debug] ([34mvalidate.js[0m) [31mskipping validator pkgsize[0m
2025-03-26 21:57:31.883 +0530 [debug] ([34mvalidate.js[0m) [31mrunning validator schema[0m
2025-03-26 21:57:31.884 +0530 [debug] ([34mvalidate.js[0m) [31mrunning validator version-check[0m
2025-03-26 21:57:31.884 +0530 [debug] ([34mvalidate.js[0m) [31mrunning validator app-settings[0m
2025-03-26 21:57:31.901 +0530 [error] The local server could not be started due to the following issue(s):
2025-03-26 21:57:31.902 +0530 [error] [31m✖[39m app\app.js::18: 'mutations' is defined but never used.
2025-03-26 21:57:31.902 +0530 [error] 
2025-03-26 21:57:31.934 +0530 [debug] ([34mreport.js[0m) [31mGenerating hash for report.json file[0m
2025-03-26 22:00:27.216 +0530 [debug] ([34mconfigs.js[0m) [31mloaded default configs as "{"updates":{"manifest_url":"https://cdn.freshdev.io/assets/fdk/updates.json","period":24},"log":{"level":"info"},"javascript":{"ecma_version":2020},"request":{"timeout":15000},"global_apps":{"enabled":false},"easel":{"enabled":false}}"[0m
2025-03-26 22:00:27.219 +0530 [debug] ([34mfile.js[0m) [31mError while requiring C:\Users\Dell\.fdk\configs.json: Cannot find module 'C:\Users\Dell\.fdk\configs.json'
Require stack:
- C:\Users\Dell\AppData\Roaming\npm\node_modules\fdk\lib\utils\file.js
- C:\Users\Dell\AppData\Roaming\npm\node_modules\fdk\lib\configs.js
- C:\Users\Dell\AppData\Roaming\npm\node_modules\fdk\lib\logger.js
- C:\Users\Dell\AppData\Roaming\npm\node_modules\fdk\index.js[0m
2025-03-26 22:00:27.220 +0530 [debug] ([34mconfigs.js[0m) [31mloaded global configs as "{}"[0m
2025-03-26 22:00:27.220 +0530 [debug] ([34mconfigs.js[0m) [31mloaded local configs as "{"request":{"timeout":15000}}"[0m
2025-03-26 22:00:27.221 +0530 [debug] ([34mconfigs.js[0m) [31mloaded env configs as "{"updates":{},"log":{},"javascript":{},"request":{"timeout":15000}}"[0m
2025-03-26 22:00:27.221 +0530 [debug] ([34mconfigs.js[0m) [31mloaded resolved configs as "{"updates":{"manifest_url":"https://cdn.freshdev.io/assets/fdk/updates.json","period":24},"log":{"level":"info"},"javascript":{"ecma_version":2020},"request":{"timeout":15000},"global_apps":{"enabled":false},"easel":{"enabled":false}}"[0m
2025-03-26 22:00:27.221 +0530 [debug] ([34mlogger.js[0m) [31mStarting FDK in node v18.20.7 on win32[0m
2025-03-26 22:00:27.221 +0530 [debug] ([34msequelize.js[0m) [31msetting up sqilite at "C:\Users\Dell\Desktop\poject-mukul\CallerDesk\phone\new/.fdk/store.sqlite"[0m
2025-03-26 22:00:27.221 +0530 [debug] ([34mdata.js[0m) [31mRead {"version_details":{"cli":{"deprecated":{"version":"<9","message":"This FDK version has been deprecated. There will be no further feature updates to this version. For a seamless app-building experience, ensure to move to the latest FDK version. For more information, see https://developers.freshworks.com/docs/app-sdk/v2.3/freshdesk/migration-guide/#migrate-to-the-latest-platform-version."},"forced":{"version":"7.0.0","command":"npm install https://dl.freshdev.io/cli/fdk-7.0.0.tgz -g","message":"Your FDK version has been forced updated to v7.0.0, please visit https://community.developers.freshworks.com/t/fdk-v7-0-announcing-node-js-v12-and-es6-support/3606 to know more"},"latest":{"version":"9.3.1","command":"npm install https://cdn.freshdev.io/fdk/latest.tgz -g","message":"You are on the latest FDK version. For information on the features available as part of this FDK version, see https://developers.freshworks.com/docs/?tab=modules."}},"addon":{"version":"2.0.8","url":"https://cdn.freshdev.io/assets/fdk/addons/addon.zip"}},"last_updated":{"time_stamp":1742922828014}}[0m
2025-03-26 22:00:27.222 +0530 [debug] ([34mupdater.js[0m) [31mlast check less than 24 hours ago, not looking for updates[0m
2025-03-26 22:00:27.230 +0530 [debug] ([34mindex.js[0m) [31mrunning with opts {}[0m
2025-03-26 22:00:27.881 +0530 [debug] ([34mdata.js[0m) [31mRead {"version_details":{"cli":{"deprecated":{"version":"<9","message":"This FDK version has been deprecated. There will be no further feature updates to this version. For a seamless app-building experience, ensure to move to the latest FDK version. For more information, see https://developers.freshworks.com/docs/app-sdk/v2.3/freshdesk/migration-guide/#migrate-to-the-latest-platform-version."},"forced":{"version":"7.0.0","command":"npm install https://dl.freshdev.io/cli/fdk-7.0.0.tgz -g","message":"Your FDK version has been forced updated to v7.0.0, please visit https://community.developers.freshworks.com/t/fdk-v7-0-announcing-node-js-v12-and-es6-support/3606 to know more"},"latest":{"version":"9.3.1","command":"npm install https://cdn.freshdev.io/fdk/latest.tgz -g","message":"You are on the latest FDK version. For information on the features available as part of this FDK version, see https://developers.freshworks.com/docs/?tab=modules."}},"addon":{"version":"2.0.8","url":"https://cdn.freshdev.io/assets/fdk/addons/addon.zip"}},"last_updated":{"time_stamp":1742922828014}}[0m
2025-03-26 22:00:27.886 +0530 [debug] ([34mmanifest.js[0m) [31mReloading manifest with {"platform-version":"2.3","product":{"freshsales":{"location":{"left_nav_cti":{"url":"template.html","icon":"icon.svg"},"lead_entity_menu":{"url":"template.html","icon":"icon.svg"},"deal_entity_menu":{"url":"template.html","icon":"icon.svg"},"contact_entity_menu":{"url":"template.html","icon":"icon.svg"},"sales_account_entity_menu":{"url":"template.html","icon":"icon.svg"}}}},"engines":{"node":"18.20.7","fdk":"9.3.1"}}.[0m
2025-03-26 22:00:27.887 +0530 [debug] ([34mmanifest.js[0m) [31mInferred db as features.[0m
2025-03-26 22:00:27.919 +0530 [debug] ([34mdata.js[0m) [31mRead {"version_details":{"cli":{"deprecated":{"version":"<9","message":"This FDK version has been deprecated. There will be no further feature updates to this version. For a seamless app-building experience, ensure to move to the latest FDK version. For more information, see https://developers.freshworks.com/docs/app-sdk/v2.3/freshdesk/migration-guide/#migrate-to-the-latest-platform-version."},"forced":{"version":"7.0.0","command":"npm install https://dl.freshdev.io/cli/fdk-7.0.0.tgz -g","message":"Your FDK version has been forced updated to v7.0.0, please visit https://community.developers.freshworks.com/t/fdk-v7-0-announcing-node-js-v12-and-es6-support/3606 to know more"},"latest":{"version":"9.3.1","command":"npm install https://cdn.freshdev.io/fdk/latest.tgz -g","message":"You are on the latest FDK version. For information on the features available as part of this FDK version, see https://developers.freshworks.com/docs/?tab=modules."}},"addon":{"version":"2.0.8","url":"https://cdn.freshdev.io/assets/fdk/addons/addon.zip"}},"last_updated":{"time_stamp":1742922828014}}[0m
2025-03-26 22:00:28.650 +0530 [debug] ([34mindex.js[0m) [31mloading model at "C:\Users\Dell\AppData\Roaming\npm\node_modules\fdk\lib\models\bigint-pivot.js"[0m
2025-03-26 22:00:28.654 +0530 [debug] ([34mindex.js[0m) [31mloading model at "C:\Users\Dell\AppData\Roaming\npm\node_modules\fdk\lib\models\entity-field-choice.js"[0m
2025-03-26 22:00:28.655 +0530 [debug] ([34mindex.js[0m) [31mloading model at "C:\Users\Dell\AppData\Roaming\npm\node_modules\fdk\lib\models\entity-field.js"[0m
2025-03-26 22:00:28.657 +0530 [debug] ([34mindex.js[0m) [31mloading model at "C:\Users\Dell\AppData\Roaming\npm\node_modules\fdk\lib\models\entity.js"[0m
2025-03-26 22:00:28.659 +0530 [debug] ([34mindex.js[0m) [31mloading model at "C:\Users\Dell\AppData\Roaming\npm\node_modules\fdk\lib\models\oauth-details.js"[0m
2025-03-26 22:00:28.661 +0530 [debug] ([34mindex.js[0m) [31mloading model at "C:\Users\Dell\AppData\Roaming\npm\node_modules\fdk\lib\models\record.js"[0m
2025-03-26 22:00:28.667 +0530 [debug] ([34mindex.js[0m) [31mloading model at "C:\Users\Dell\AppData\Roaming\npm\node_modules\fdk\lib\models\string-pivot.js"[0m
2025-03-26 22:00:30.580 +0530 [debug] ([34mdata.js[0m) [31mRead {"version_details":{"cli":{"deprecated":{"version":"<9","message":"This FDK version has been deprecated. There will be no further feature updates to this version. For a seamless app-building experience, ensure to move to the latest FDK version. For more information, see https://developers.freshworks.com/docs/app-sdk/v2.3/freshdesk/migration-guide/#migrate-to-the-latest-platform-version."},"forced":{"version":"7.0.0","command":"npm install https://dl.freshdev.io/cli/fdk-7.0.0.tgz -g","message":"Your FDK version has been forced updated to v7.0.0, please visit https://community.developers.freshworks.com/t/fdk-v7-0-announcing-node-js-v12-and-es6-support/3606 to know more"},"latest":{"version":"9.3.1","command":"npm install https://cdn.freshdev.io/fdk/latest.tgz -g","message":"You are on the latest FDK version. For information on the features available as part of this FDK version, see https://developers.freshworks.com/docs/?tab=modules."}},"addon":{"version":"2.0.8","url":"https://cdn.freshdev.io/assets/fdk/addons/addon.zip"}},"last_updated":{"time_stamp":1742922828014}}[0m
2025-03-26 22:00:32.483 +0530 [debug] ([34mvalidate.js[0m) [31masked to skip the following validations, [0m
2025-03-26 22:00:32.484 +0530 [debug] ([34mvalidate.js[0m) [31mrunning validator actions[0m
2025-03-26 22:00:32.484 +0530 [debug] ([34mvalidate.js[0m) [31mrunning validator requests[0m
2025-03-26 22:00:32.484 +0530 [debug] ([34mvalidate.js[0m) [31mrunning validator app-dir[0m
2025-03-26 22:00:32.487 +0530 [debug] ([34mvalidate.js[0m) [31mrunning validator config-dir[0m
2025-03-26 22:00:32.487 +0530 [debug] ([34mconfig-dir.js[0m) [31mChecking to see if C:\Users\Dell\Desktop\poject-mukul\CallerDesk\phone\new/config/ exists.[0m
2025-03-26 22:00:32.487 +0530 [debug] ([34mconfig-dir.js[0m) [31mFetched the following config files iparams.json[0m
2025-03-26 22:00:32.488 +0530 [debug] ([34mvalidate.js[0m) [31mrunning validator custom-objects[0m
2025-03-26 22:00:32.488 +0530 [debug] ([34mvalidate.js[0m) [31mrunning validator event[0m
2025-03-26 22:00:32.488 +0530 [debug] ([34mvalidate.js[0m) [31mrunning validator iparam[0m
2025-03-26 22:00:32.501 +0530 [debug] ([34mvalidate.js[0m) [31mrunning validator lint[0m
2025-03-26 22:00:32.501 +0530 [debug] ([34mlint.js[0m) [31mpassed fix flag: undefined[0m
2025-03-26 22:00:32.505 +0530 [debug] ([34mlint.js[0m) [31mRunning the following lints on the file app\app.js : no-eval,no-alert,no-debugger,no-unreachable,no-duplicate-imports,constructor-super,for-direction,no-class-assign,no-new-native-nonconstructor,valid-typeof,no-eq-null,no-var,require-await,no-unreachable-loop,no-redeclare,no-self-assign,no-setter-return,no-shadow-restricted-names,no-this-before-super,no-unsafe-finally,no-unsafe-optional-chaining,no-unused-vars,no-useless-catch,eqeqeq,prefer-const,require-yield,no-global-assign,no-caller,no-process-env,complexity,max-nested-callbacks,handle-callback-err,getter-return,no-async-promise-executor,no-case-declarations,no-compare-neg-zero,no-cond-assign,no-const-assign,no-constant-condition,no-control-regex,no-delete-var,no-dupe-args,no-dupe-class-members,no-dupe-else-if,no-dupe-keys,no-duplicate-case,no-empty,no-empty-character-class,no-empty-pattern,no-ex-assign,no-extra-boolean-cast,no-extra-semi,no-fallthrough,no-func-assign,no-import-assign,no-inner-declarations,no-invalid-regexp,no-irregular-whitespace,no-loss-of-precision,no-misleading-character-class,no-mixed-spaces-and-tabs,no-nonoctal-decimal-escape,no-obj-calls,no-octal,no-prototype-builtins,no-regex-spaces,no-sparse-arrays,no-unexpected-multiline,no-unsafe-negation,no-unused-labels,no-useless-backreference,no-useless-escape,no-with,use-isnan,no-unpkg-cdn,no-proxy-requests,no-unhandled-promise,no-logging-rejections,no-non-client-request-model,no-deprecated-apis,no-cross-scope-assign,no-empty-function[0m
2025-03-26 22:00:32.742 +0530 [debug] ([34mvalidate.js[0m) [31mrunning validator manifest[0m
2025-03-26 22:00:32.742 +0530 [debug] ([34mvalidate.js[0m) [31mskipping validator manifest-dependency[0m
2025-03-26 22:00:32.743 +0530 [debug] ([34mvalidate.js[0m) [31mrunning validator oauth[0m
2025-03-26 22:00:32.743 +0530 [debug] ([34mvalidate.js[0m) [31mskipping validator pkgsize[0m
2025-03-26 22:00:32.744 +0530 [debug] ([34mvalidate.js[0m) [31mrunning validator schema[0m
2025-03-26 22:00:32.744 +0530 [debug] ([34mvalidate.js[0m) [31mrunning validator version-check[0m
2025-03-26 22:00:32.744 +0530 [debug] ([34mvalidate.js[0m) [31mrunning validator app-settings[0m
2025-03-26 22:00:32.757 +0530 [debug] ([34mwatcher.js[0m) [31mPreparing to watch the following files ./app,./config,./manifest.json[0m
2025-03-26 22:00:32.769 +0530 [debug] ([34mdata.js[0m) [31mRead {"report_hash":"71dfd1b4299b569f3caee2b71c5c7b9b2b14696dec34c273e04e7f3750441c45"}[0m
2025-03-26 22:00:32.771 +0530 [debug] ([34mcustom-objects.js[0m) [31mto force or not? undefined[0m
2025-03-26 22:00:32.771 +0530 [debug] ([34mcustom-objects.js[0m) [31mbeginning to re-sync db[0m
2025-03-26 22:00:33.154 +0530 [debug] ([34mdata.js[0m) [31mRead {"report_hash":"71dfd1b4299b569f3caee2b71c5c7b9b2b14696dec34c273e04e7f3750441c45"}[0m
2025-03-26 22:00:33.155 +0530 [debug] ([34mcustom-objects.js[0m) [31mupdated local store with latest entity hash[0m
2025-03-26 22:00:33.156 +0530 [debug] ([34mrun.js[0m) [31mmigrate stored oauth configs from localstore to sqlite[0m
2025-03-26 22:00:33.157 +0530 [debug] ([34mdata.js[0m) [31mRead {"report_hash":"71dfd1b4299b569f3caee2b71c5c7b9b2b14696dec34c273e04e7f3750441c45"}[0m
2025-03-26 22:00:33.158 +0530 [debug] ([34mdata.js[0m) [31mRead {"report_hash":"71dfd1b4299b569f3caee2b71c5c7b9b2b14696dec34c273e04e7f3750441c45"}[0m
2025-03-26 22:00:33.158 +0530 [debug] ([34moauth.js[0m) [31mapp without oauth configs, skipping oauth configs migration[0m
2025-03-26 22:00:33.159 +0530 [debug] ([34mdata.js[0m) [31mRead {"report_hash":"71dfd1b4299b569f3caee2b71c5c7b9b2b14696dec34c273e04e7f3750441c45"}[0m
2025-03-26 22:00:33.160 +0530 [debug] ([34moauth.js[0m) [31msuccessfully migrated all oauths: [0m
2025-03-26 22:00:33.161 +0530 [debug] ([34mdata.js[0m) [31mRead {"report_hash":"71dfd1b4299b569f3caee2b71c5c7b9b2b14696dec34c273e04e7f3750441c45","new_101_101_migrate_oauth_status":true}[0m
2025-03-26 22:00:33.163 +0530 [info] Starting local testing server at http://*:10001/    
Append 'dev=true' to your Freshsales account URL to start testing    
e.g. https://domain.freshsales.io/contacts/2007663673?dev=true    
Quit the server with Control-C.
2025-03-26 22:00:33.165 +0530 [info] 
To test the installation page, visit - http://localhost:10001/custom_configs
2025-03-26 22:01:00.943 +0530 [debug] ([34mconfigs.js[0m) [31mmanifest featurers : db[0m
2025-03-26 22:01:03.639 +0530 [debug] ([34moauth.js[0m) [31mFetching oauth configs of product : freshsales[0m
2025-03-26 22:01:03.639 +0530 [debug] ([34miframe.js[0m) [31mChecking is authorized for all oauths [0m
2025-03-26 22:01:03.642 +0530 [debug] ([34mdata.js[0m) [31mRead {"report_hash":"71dfd1b4299b569f3caee2b71c5c7b9b2b14696dec34c273e04e7f3750441c45","new_101_101_migrate_oauth_status":true}[0m
2025-03-26 22:01:03.645 +0530 [debug] ([34mdata.js[0m) [31mRead {"report_hash":"71dfd1b4299b569f3caee2b71c5c7b9b2b14696dec34c273e04e7f3750441c45","new_101_101_migrate_oauth_status":true}[0m
2025-03-26 22:01:03.646 +0530 [debug] ([34miframe.js[0m) [31mResponding to product with {"configs":{},"displayName":"new","product":{"freshsales":{"location":{"left_nav_cti":{"url":"agent/template.html","icon":"agent/icon.svg"},"lead_entity_menu":{"url":"agent/template.html","icon":"agent/icon.svg"},"deal_entity_menu":{"url":"agent/template.html","icon":"agent/icon.svg"},"contact_entity_menu":{"url":"agent/template.html","icon":"agent/icon.svg"},"sales_account_entity_menu":{"url":"agent/template.html","icon":"agent/icon.svg"}}}},"modules":{},"features":["db"],"actions":false,"omni":false,"products":["freshsales"],"platform":"2.3","isInstall":true,"oauth_configs_list":[],"isAuthorized":true,"v2":[]}[0m
2025-03-26 22:01:03.651 +0530 [debug] ([34mdata.js[0m) [31mRead {"report_hash":"71dfd1b4299b569f3caee2b71c5c7b9b2b14696dec34c273e04e7f3750441c45","new_101_101_migrate_oauth_status":true}[0m
2025-03-26 22:01:03.669 +0530 [debug] ([34mdata.js[0m) [31mRead {"report_hash":"71dfd1b4299b569f3caee2b71c5c7b9b2b14696dec34c273e04e7f3750441c45","new_101_101_migrate_oauth_status":true}[0m
2025-03-26 22:01:48.059 +0530 [debug] ([34mdata.js[0m) [31mRead {"report_hash":"71dfd1b4299b569f3caee2b71c5c7b9b2b14696dec34c273e04e7f3750441c45","new_101_101_migrate_oauth_status":true}[0m
2025-03-26 22:02:03.903 +0530 [debug] ([34miframe.js[0m) [31mReceived local app render request for product freshworks_crm which is not present in the list of products in the app manifest. Falling back to freshsales.[0m
2025-03-26 22:02:03.903 +0530 [debug] ([34moauth.js[0m) [31mFetching oauth configs of product : freshsales[0m
2025-03-26 22:02:03.904 +0530 [debug] ([34miframe.js[0m) [31mChecking is authorized for all oauths [0m
2025-03-26 22:02:03.906 +0530 [debug] ([34mdata.js[0m) [31mRead {"report_hash":"71dfd1b4299b569f3caee2b71c5c7b9b2b14696dec34c273e04e7f3750441c45","new_101_101_migrate_oauth_status":true,"new_101_101_freshsales":{"new_101_101_custom_iparams":{"__meta":{"secure":["freshdesk_api_key","freshdesk_subdomain"]},"freshdesk_api_key":"Bxw_t9KCt9QTqIPDHok6oQ","freshdesk_subdomain":"deskotel.myfreshworks.com/crm/sales"}}}[0m
2025-03-26 22:02:03.912 +0530 [debug] ([34mdata.js[0m) [31mRead {"report_hash":"71dfd1b4299b569f3caee2b71c5c7b9b2b14696dec34c273e04e7f3750441c45","new_101_101_migrate_oauth_status":true,"new_101_101_freshsales":{"new_101_101_custom_iparams":{"__meta":{"secure":["freshdesk_api_key","freshdesk_subdomain"]},"freshdesk_api_key":"Bxw_t9KCt9QTqIPDHok6oQ","freshdesk_subdomain":"deskotel.myfreshworks.com/crm/sales"}}}[0m
2025-03-26 22:02:03.913 +0530 [debug] ([34miframe.js[0m) [31mResponding to product with {"configs":{},"displayName":"new","product":{"freshsales":{"location":{"left_nav_cti":{"url":"agent/template.html","icon":"agent/icon.svg"},"lead_entity_menu":{"url":"agent/template.html","icon":"agent/icon.svg"},"deal_entity_menu":{"url":"agent/template.html","icon":"agent/icon.svg"},"contact_entity_menu":{"url":"agent/template.html","icon":"agent/icon.svg"},"sales_account_entity_menu":{"url":"agent/template.html","icon":"agent/icon.svg"}}}},"modules":{},"features":["db"],"actions":false,"omni":false,"products":["freshsales"],"platform":"2.3","isInstall":false,"oauth_configs_list":[],"isAuthorized":true,"v2":[]}[0m
2025-03-26 22:02:04.449 +0530 [debug] ([34miframe.js[0m) [31mReceived local app render request for product freshworks_crm which is not present in the list of products in the app manifest. Falling back to freshsales.[0m
2025-03-26 22:02:04.450 +0530 [debug] ([34moauth.js[0m) [31mFetching oauth configs of product : freshsales[0m
2025-03-26 22:02:04.450 +0530 [debug] ([34miframe.js[0m) [31mChecking is authorized for all oauths [0m
2025-03-26 22:02:04.452 +0530 [debug] ([34mdata.js[0m) [31mRead {"report_hash":"71dfd1b4299b569f3caee2b71c5c7b9b2b14696dec34c273e04e7f3750441c45","new_101_101_migrate_oauth_status":true,"new_101_101_freshsales":{"new_101_101_custom_iparams":{"__meta":{"secure":["freshdesk_api_key","freshdesk_subdomain"]},"freshdesk_api_key":"Bxw_t9KCt9QTqIPDHok6oQ","freshdesk_subdomain":"deskotel.myfreshworks.com/crm/sales"}}}[0m
2025-03-26 22:02:04.454 +0530 [debug] ([34mdata.js[0m) [31mRead {"report_hash":"71dfd1b4299b569f3caee2b71c5c7b9b2b14696dec34c273e04e7f3750441c45","new_101_101_migrate_oauth_status":true,"new_101_101_freshsales":{"new_101_101_custom_iparams":{"__meta":{"secure":["freshdesk_api_key","freshdesk_subdomain"]},"freshdesk_api_key":"Bxw_t9KCt9QTqIPDHok6oQ","freshdesk_subdomain":"deskotel.myfreshworks.com/crm/sales"}}}[0m
2025-03-26 22:02:04.454 +0530 [debug] ([34miframe.js[0m) [31mResponding to product with {"configs":{},"displayName":"new","product":{"freshsales":{"location":{"left_nav_cti":{"url":"agent/template.html","icon":"agent/icon.svg"},"lead_entity_menu":{"url":"agent/template.html","icon":"agent/icon.svg"},"deal_entity_menu":{"url":"agent/template.html","icon":"agent/icon.svg"},"contact_entity_menu":{"url":"agent/template.html","icon":"agent/icon.svg"},"sales_account_entity_menu":{"url":"agent/template.html","icon":"agent/icon.svg"}}}},"modules":{},"features":["db"],"actions":false,"omni":false,"products":["freshsales"],"platform":"2.3","isInstall":false,"oauth_configs_list":[],"isAuthorized":true,"v2":[]}[0m
2025-03-26 22:03:00.347 +0530 [debug] ([34mmanifest.js[0m) [31mError while parsing manifest file Unexpected token / in JSON at position 212[0m
2025-03-26 22:04:30.951 +0530 [debug] ([34mconfigs.js[0m) [31mloaded default configs as "{"updates":{"manifest_url":"https://cdn.freshdev.io/assets/fdk/updates.json","period":24},"log":{"level":"info"},"javascript":{"ecma_version":2020},"request":{"timeout":15000},"global_apps":{"enabled":false},"easel":{"enabled":false}}"[0m
2025-03-26 22:04:30.955 +0530 [debug] ([34mfile.js[0m) [31mError while requiring C:\Users\Dell\.fdk\configs.json: Cannot find module 'C:\Users\Dell\.fdk\configs.json'
Require stack:
- C:\Users\Dell\AppData\Roaming\npm\node_modules\fdk\lib\utils\file.js
- C:\Users\Dell\AppData\Roaming\npm\node_modules\fdk\lib\configs.js
- C:\Users\Dell\AppData\Roaming\npm\node_modules\fdk\lib\logger.js
- C:\Users\Dell\AppData\Roaming\npm\node_modules\fdk\index.js[0m
2025-03-26 22:04:30.956 +0530 [debug] ([34mconfigs.js[0m) [31mloaded global configs as "{}"[0m
2025-03-26 22:04:30.956 +0530 [debug] ([34mconfigs.js[0m) [31mloaded local configs as "{"request":{"timeout":15000}}"[0m
2025-03-26 22:04:30.957 +0530 [debug] ([34mconfigs.js[0m) [31mloaded env configs as "{"updates":{},"log":{},"javascript":{},"request":{"timeout":15000}}"[0m
2025-03-26 22:04:30.957 +0530 [debug] ([34mconfigs.js[0m) [31mloaded resolved configs as "{"updates":{"manifest_url":"https://cdn.freshdev.io/assets/fdk/updates.json","period":24},"log":{"level":"info"},"javascript":{"ecma_version":2020},"request":{"timeout":15000},"global_apps":{"enabled":false},"easel":{"enabled":false}}"[0m
2025-03-26 22:04:30.957 +0530 [debug] ([34mlogger.js[0m) [31mStarting FDK in node v18.20.7 on win32[0m
2025-03-26 22:04:30.957 +0530 [debug] ([34msequelize.js[0m) [31msetting up sqilite at "C:\Users\Dell\Desktop\poject-mukul\CallerDesk\phone\new/.fdk/store.sqlite"[0m
2025-03-26 22:04:30.958 +0530 [debug] ([34mdata.js[0m) [31mRead {"version_details":{"cli":{"deprecated":{"version":"<9","message":"This FDK version has been deprecated. There will be no further feature updates to this version. For a seamless app-building experience, ensure to move to the latest FDK version. For more information, see https://developers.freshworks.com/docs/app-sdk/v2.3/freshdesk/migration-guide/#migrate-to-the-latest-platform-version."},"forced":{"version":"7.0.0","command":"npm install https://dl.freshdev.io/cli/fdk-7.0.0.tgz -g","message":"Your FDK version has been forced updated to v7.0.0, please visit https://community.developers.freshworks.com/t/fdk-v7-0-announcing-node-js-v12-and-es6-support/3606 to know more"},"latest":{"version":"9.3.1","command":"npm install https://cdn.freshdev.io/fdk/latest.tgz -g","message":"You are on the latest FDK version. For information on the features available as part of this FDK version, see https://developers.freshworks.com/docs/?tab=modules."}},"addon":{"version":"2.0.8","url":"https://cdn.freshdev.io/assets/fdk/addons/addon.zip"}},"last_updated":{"time_stamp":1742922828014}}[0m
2025-03-26 22:04:30.958 +0530 [debug] ([34mupdater.js[0m) [31mlast check less than 24 hours ago, not looking for updates[0m
2025-03-26 22:04:30.967 +0530 [debug] ([34mindex.js[0m) [31mrunning with opts {}[0m
2025-03-26 22:04:31.828 +0530 [debug] ([34mdata.js[0m) [31mRead {"version_details":{"cli":{"deprecated":{"version":"<9","message":"This FDK version has been deprecated. There will be no further feature updates to this version. For a seamless app-building experience, ensure to move to the latest FDK version. For more information, see https://developers.freshworks.com/docs/app-sdk/v2.3/freshdesk/migration-guide/#migrate-to-the-latest-platform-version."},"forced":{"version":"7.0.0","command":"npm install https://dl.freshdev.io/cli/fdk-7.0.0.tgz -g","message":"Your FDK version has been forced updated to v7.0.0, please visit https://community.developers.freshworks.com/t/fdk-v7-0-announcing-node-js-v12-and-es6-support/3606 to know more"},"latest":{"version":"9.3.1","command":"npm install https://cdn.freshdev.io/fdk/latest.tgz -g","message":"You are on the latest FDK version. For information on the features available as part of this FDK version, see https://developers.freshworks.com/docs/?tab=modules."}},"addon":{"version":"2.0.8","url":"https://cdn.freshdev.io/assets/fdk/addons/addon.zip"}},"last_updated":{"time_stamp":1742922828014}}[0m
2025-03-26 22:04:31.838 +0530 [debug] ([34mmanifest.js[0m) [31mReloading manifest with {"platform-version":"2.3","product":{"freshsales":{"location":{"left_nav_cti":{"url":"template.html","icon":"./app/icon.svg","title":"My App"},"lead_entity_menu":{"url":"template.html","icon":"./app/icon.svg","title":"My App"},"deal_entity_menu":{"url":"template.html","icon":"./app/icon.svg","title":"My App"},"contact_entity_menu":{"url":"template.html","icon":"./app/icon.svg","title":"My App"},"sales_account_entity_menu":{"url":"template.html","icon":"./app/icon.svg","title":"My App"}}}},"engines":{"node":"18.20.7","fdk":"9.3.1"}}.[0m
2025-03-26 22:04:31.839 +0530 [debug] ([34mmanifest.js[0m) [31mInferred db as features.[0m
2025-03-26 22:04:31.881 +0530 [debug] ([34mdata.js[0m) [31mRead {"version_details":{"cli":{"deprecated":{"version":"<9","message":"This FDK version has been deprecated. There will be no further feature updates to this version. For a seamless app-building experience, ensure to move to the latest FDK version. For more information, see https://developers.freshworks.com/docs/app-sdk/v2.3/freshdesk/migration-guide/#migrate-to-the-latest-platform-version."},"forced":{"version":"7.0.0","command":"npm install https://dl.freshdev.io/cli/fdk-7.0.0.tgz -g","message":"Your FDK version has been forced updated to v7.0.0, please visit https://community.developers.freshworks.com/t/fdk-v7-0-announcing-node-js-v12-and-es6-support/3606 to know more"},"latest":{"version":"9.3.1","command":"npm install https://cdn.freshdev.io/fdk/latest.tgz -g","message":"You are on the latest FDK version. For information on the features available as part of this FDK version, see https://developers.freshworks.com/docs/?tab=modules."}},"addon":{"version":"2.0.8","url":"https://cdn.freshdev.io/assets/fdk/addons/addon.zip"}},"last_updated":{"time_stamp":1742922828014}}[0m
2025-03-26 22:04:32.838 +0530 [debug] ([34mindex.js[0m) [31mloading model at "C:\Users\Dell\AppData\Roaming\npm\node_modules\fdk\lib\models\bigint-pivot.js"[0m
2025-03-26 22:04:32.845 +0530 [debug] ([34mindex.js[0m) [31mloading model at "C:\Users\Dell\AppData\Roaming\npm\node_modules\fdk\lib\models\entity-field-choice.js"[0m
2025-03-26 22:04:32.847 +0530 [debug] ([34mindex.js[0m) [31mloading model at "C:\Users\Dell\AppData\Roaming\npm\node_modules\fdk\lib\models\entity-field.js"[0m
2025-03-26 22:04:32.849 +0530 [debug] ([34mindex.js[0m) [31mloading model at "C:\Users\Dell\AppData\Roaming\npm\node_modules\fdk\lib\models\entity.js"[0m
2025-03-26 22:04:32.852 +0530 [debug] ([34mindex.js[0m) [31mloading model at "C:\Users\Dell\AppData\Roaming\npm\node_modules\fdk\lib\models\oauth-details.js"[0m
2025-03-26 22:04:32.854 +0530 [debug] ([34mindex.js[0m) [31mloading model at "C:\Users\Dell\AppData\Roaming\npm\node_modules\fdk\lib\models\record.js"[0m
2025-03-26 22:04:32.861 +0530 [debug] ([34mindex.js[0m) [31mloading model at "C:\Users\Dell\AppData\Roaming\npm\node_modules\fdk\lib\models\string-pivot.js"[0m
2025-03-26 22:04:35.177 +0530 [debug] ([34mdata.js[0m) [31mRead {"version_details":{"cli":{"deprecated":{"version":"<9","message":"This FDK version has been deprecated. There will be no further feature updates to this version. For a seamless app-building experience, ensure to move to the latest FDK version. For more information, see https://developers.freshworks.com/docs/app-sdk/v2.3/freshdesk/migration-guide/#migrate-to-the-latest-platform-version."},"forced":{"version":"7.0.0","command":"npm install https://dl.freshdev.io/cli/fdk-7.0.0.tgz -g","message":"Your FDK version has been forced updated to v7.0.0, please visit https://community.developers.freshworks.com/t/fdk-v7-0-announcing-node-js-v12-and-es6-support/3606 to know more"},"latest":{"version":"9.3.1","command":"npm install https://cdn.freshdev.io/fdk/latest.tgz -g","message":"You are on the latest FDK version. For information on the features available as part of this FDK version, see https://developers.freshworks.com/docs/?tab=modules."}},"addon":{"version":"2.0.8","url":"https://cdn.freshdev.io/assets/fdk/addons/addon.zip"}},"last_updated":{"time_stamp":1742922828014}}[0m
2025-03-26 22:04:37.625 +0530 [debug] ([34mvalidate.js[0m) [31masked to skip the following validations, [0m
2025-03-26 22:04:37.626 +0530 [debug] ([34mvalidate.js[0m) [31mrunning validator actions[0m
2025-03-26 22:04:37.626 +0530 [debug] ([34mvalidate.js[0m) [31mrunning validator requests[0m
2025-03-26 22:04:37.626 +0530 [debug] ([34mvalidate.js[0m) [31mrunning validator app-dir[0m
2025-03-26 22:04:37.629 +0530 [debug] ([34mvalidate.js[0m) [31mrunning validator config-dir[0m
2025-03-26 22:04:37.629 +0530 [debug] ([34mconfig-dir.js[0m) [31mChecking to see if C:\Users\Dell\Desktop\poject-mukul\CallerDesk\phone\new/config/ exists.[0m
2025-03-26 22:04:37.630 +0530 [debug] ([34mconfig-dir.js[0m) [31mFetched the following config files iparams.json[0m
2025-03-26 22:04:37.630 +0530 [debug] ([34mvalidate.js[0m) [31mrunning validator custom-objects[0m
2025-03-26 22:04:37.630 +0530 [debug] ([34mvalidate.js[0m) [31mrunning validator event[0m
2025-03-26 22:04:37.631 +0530 [debug] ([34mvalidate.js[0m) [31mrunning validator iparam[0m
2025-03-26 22:04:37.639 +0530 [debug] ([34mvalidate.js[0m) [31mrunning validator lint[0m
2025-03-26 22:04:37.639 +0530 [debug] ([34mlint.js[0m) [31mpassed fix flag: undefined[0m
2025-03-26 22:04:37.643 +0530 [debug] ([34mlint.js[0m) [31mRunning the following lints on the file app\app.js : no-eval,no-alert,no-debugger,no-unreachable,no-duplicate-imports,constructor-super,for-direction,no-class-assign,no-new-native-nonconstructor,valid-typeof,no-eq-null,no-var,require-await,no-unreachable-loop,no-redeclare,no-self-assign,no-setter-return,no-shadow-restricted-names,no-this-before-super,no-unsafe-finally,no-unsafe-optional-chaining,no-unused-vars,no-useless-catch,eqeqeq,prefer-const,require-yield,no-global-assign,no-caller,no-process-env,complexity,max-nested-callbacks,handle-callback-err,getter-return,no-async-promise-executor,no-case-declarations,no-compare-neg-zero,no-cond-assign,no-const-assign,no-constant-condition,no-control-regex,no-delete-var,no-dupe-args,no-dupe-class-members,no-dupe-else-if,no-dupe-keys,no-duplicate-case,no-empty,no-empty-character-class,no-empty-pattern,no-ex-assign,no-extra-boolean-cast,no-extra-semi,no-fallthrough,no-func-assign,no-import-assign,no-inner-declarations,no-invalid-regexp,no-irregular-whitespace,no-loss-of-precision,no-misleading-character-class,no-mixed-spaces-and-tabs,no-nonoctal-decimal-escape,no-obj-calls,no-octal,no-prototype-builtins,no-regex-spaces,no-sparse-arrays,no-unexpected-multiline,no-unsafe-negation,no-unused-labels,no-useless-backreference,no-useless-escape,no-with,use-isnan,no-unpkg-cdn,no-proxy-requests,no-unhandled-promise,no-logging-rejections,no-non-client-request-model,no-deprecated-apis,no-cross-scope-assign,no-empty-function[0m
2025-03-26 22:04:37.948 +0530 [debug] ([34mvalidate.js[0m) [31mrunning validator manifest[0m
2025-03-26 22:04:37.948 +0530 [debug] ([34mvalidate.js[0m) [31mskipping validator manifest-dependency[0m
2025-03-26 22:04:37.948 +0530 [debug] ([34mvalidate.js[0m) [31mrunning validator oauth[0m
2025-03-26 22:04:37.949 +0530 [debug] ([34mvalidate.js[0m) [31mskipping validator pkgsize[0m
2025-03-26 22:04:37.949 +0530 [debug] ([34mvalidate.js[0m) [31mrunning validator schema[0m
2025-03-26 22:04:37.949 +0530 [debug] ([34mvalidate.js[0m) [31mrunning validator version-check[0m
2025-03-26 22:04:37.949 +0530 [debug] ([34mvalidate.js[0m) [31mrunning validator app-settings[0m
2025-03-26 22:04:37.956 +0530 [error] The local server could not be started due to the following issue(s):
2025-03-26 22:04:37.957 +0530 [error] [31m✖[39m Icon './app/icon.svg' mentioned in freshsales/left_nav_cti is not found in app folder
2025-03-26 22:04:37.957 +0530 [error] [31m✖[39m Icon './app/icon.svg' mentioned in freshsales/lead_entity_menu is not found in app folder
2025-03-26 22:04:37.958 +0530 [error] [31m✖[39m Icon './app/icon.svg' mentioned in freshsales/deal_entity_menu is not found in app folder
2025-03-26 22:04:37.958 +0530 [error] [31m✖[39m Icon './app/icon.svg' mentioned in freshsales/contact_entity_menu is not found in app folder
2025-03-26 22:04:37.959 +0530 [error] [31m✖[39m Icon './app/icon.svg' mentioned in freshsales/sales_account_entity_menu is not found in app folder
2025-03-26 22:04:37.959 +0530 [error] 
2025-03-26 22:04:37.973 +0530 [debug] ([34mreport.js[0m) [31mGenerating hash for report.json file[0m
2025-03-26 22:06:46.285 +0530 [debug] ([34mconfigs.js[0m) [31mloaded default configs as "{"updates":{"manifest_url":"https://cdn.freshdev.io/assets/fdk/updates.json","period":24},"log":{"level":"info"},"javascript":{"ecma_version":2020},"request":{"timeout":15000},"global_apps":{"enabled":false},"easel":{"enabled":false}}"[0m
2025-03-26 22:06:46.303 +0530 [debug] ([34mfile.js[0m) [31mError while requiring C:\Users\Dell\.fdk\configs.json: Cannot find module 'C:\Users\Dell\.fdk\configs.json'
Require stack:
- C:\Users\Dell\AppData\Roaming\npm\node_modules\fdk\lib\utils\file.js
- C:\Users\Dell\AppData\Roaming\npm\node_modules\fdk\lib\configs.js
- C:\Users\Dell\AppData\Roaming\npm\node_modules\fdk\lib\logger.js
- C:\Users\Dell\AppData\Roaming\npm\node_modules\fdk\index.js[0m
2025-03-26 22:06:46.304 +0530 [debug] ([34mconfigs.js[0m) [31mloaded global configs as "{}"[0m
2025-03-26 22:06:46.304 +0530 [debug] ([34mconfigs.js[0m) [31mloaded local configs as "{"request":{"timeout":15000}}"[0m
2025-03-26 22:06:46.304 +0530 [debug] ([34mconfigs.js[0m) [31mloaded env configs as "{"updates":{},"log":{},"javascript":{},"request":{"timeout":15000}}"[0m
2025-03-26 22:06:46.305 +0530 [debug] ([34mconfigs.js[0m) [31mloaded resolved configs as "{"updates":{"manifest_url":"https://cdn.freshdev.io/assets/fdk/updates.json","period":24},"log":{"level":"info"},"javascript":{"ecma_version":2020},"request":{"timeout":15000},"global_apps":{"enabled":false},"easel":{"enabled":false}}"[0m
2025-03-26 22:06:46.305 +0530 [debug] ([34mlogger.js[0m) [31mStarting FDK in node v18.20.7 on win32[0m
2025-03-26 22:06:46.305 +0530 [debug] ([34msequelize.js[0m) [31msetting up sqilite at "C:\Users\Dell\Desktop\poject-mukul\CallerDesk\phone\new/.fdk/store.sqlite"[0m
2025-03-26 22:06:46.305 +0530 [debug] ([34mdata.js[0m) [31mRead {"version_details":{"cli":{"deprecated":{"version":"<9","message":"This FDK version has been deprecated. There will be no further feature updates to this version. For a seamless app-building experience, ensure to move to the latest FDK version. For more information, see https://developers.freshworks.com/docs/app-sdk/v2.3/freshdesk/migration-guide/#migrate-to-the-latest-platform-version."},"forced":{"version":"7.0.0","command":"npm install https://dl.freshdev.io/cli/fdk-7.0.0.tgz -g","message":"Your FDK version has been forced updated to v7.0.0, please visit https://community.developers.freshworks.com/t/fdk-v7-0-announcing-node-js-v12-and-es6-support/3606 to know more"},"latest":{"version":"9.3.1","command":"npm install https://cdn.freshdev.io/fdk/latest.tgz -g","message":"You are on the latest FDK version. For information on the features available as part of this FDK version, see https://developers.freshworks.com/docs/?tab=modules."}},"addon":{"version":"2.0.8","url":"https://cdn.freshdev.io/assets/fdk/addons/addon.zip"}},"last_updated":{"time_stamp":1742922828014}}[0m
2025-03-26 22:06:46.306 +0530 [debug] ([34mupdater.js[0m) [31mlast check less than 24 hours ago, not looking for updates[0m
2025-03-26 22:06:46.313 +0530 [debug] ([34mindex.js[0m) [31mrunning with opts {}[0m
2025-03-26 22:06:47.136 +0530 [debug] ([34mdata.js[0m) [31mRead {"version_details":{"cli":{"deprecated":{"version":"<9","message":"This FDK version has been deprecated. There will be no further feature updates to this version. For a seamless app-building experience, ensure to move to the latest FDK version. For more information, see https://developers.freshworks.com/docs/app-sdk/v2.3/freshdesk/migration-guide/#migrate-to-the-latest-platform-version."},"forced":{"version":"7.0.0","command":"npm install https://dl.freshdev.io/cli/fdk-7.0.0.tgz -g","message":"Your FDK version has been forced updated to v7.0.0, please visit https://community.developers.freshworks.com/t/fdk-v7-0-announcing-node-js-v12-and-es6-support/3606 to know more"},"latest":{"version":"9.3.1","command":"npm install https://cdn.freshdev.io/fdk/latest.tgz -g","message":"You are on the latest FDK version. For information on the features available as part of this FDK version, see https://developers.freshworks.com/docs/?tab=modules."}},"addon":{"version":"2.0.8","url":"https://cdn.freshdev.io/assets/fdk/addons/addon.zip"}},"last_updated":{"time_stamp":1742922828014}}[0m
2025-03-26 22:06:47.143 +0530 [debug] ([34mmanifest.js[0m) [31mReloading manifest with {"platform-version":"2.3","product":{"freshsales":{"location":{"left_nav_cti":{"url":"template.html","icon":"icon.svg"},"lead_entity_menu":{"url":"template.html","icon":"icon.svg"},"deal_entity_menu":{"url":"template.html","icon":"icon.svg"},"contact_entity_menu":{"url":"template.html","icon":"icon.svg"},"sales_account_entity_menu":{"url":"template.html","icon":"icon.svg"}}}},"engines":{"node":"18.20.7","fdk":"9.3.1"}}.[0m
2025-03-26 22:06:47.144 +0530 [debug] ([34mmanifest.js[0m) [31mInferred db as features.[0m
2025-03-26 22:06:47.182 +0530 [debug] ([34mdata.js[0m) [31mRead {"version_details":{"cli":{"deprecated":{"version":"<9","message":"This FDK version has been deprecated. There will be no further feature updates to this version. For a seamless app-building experience, ensure to move to the latest FDK version. For more information, see https://developers.freshworks.com/docs/app-sdk/v2.3/freshdesk/migration-guide/#migrate-to-the-latest-platform-version."},"forced":{"version":"7.0.0","command":"npm install https://dl.freshdev.io/cli/fdk-7.0.0.tgz -g","message":"Your FDK version has been forced updated to v7.0.0, please visit https://community.developers.freshworks.com/t/fdk-v7-0-announcing-node-js-v12-and-es6-support/3606 to know more"},"latest":{"version":"9.3.1","command":"npm install https://cdn.freshdev.io/fdk/latest.tgz -g","message":"You are on the latest FDK version. For information on the features available as part of this FDK version, see https://developers.freshworks.com/docs/?tab=modules."}},"addon":{"version":"2.0.8","url":"https://cdn.freshdev.io/assets/fdk/addons/addon.zip"}},"last_updated":{"time_stamp":1742922828014}}[0m
2025-03-26 22:06:48.175 +0530 [debug] ([34mindex.js[0m) [31mloading model at "C:\Users\Dell\AppData\Roaming\npm\node_modules\fdk\lib\models\bigint-pivot.js"[0m
2025-03-26 22:06:48.181 +0530 [debug] ([34mindex.js[0m) [31mloading model at "C:\Users\Dell\AppData\Roaming\npm\node_modules\fdk\lib\models\entity-field-choice.js"[0m
2025-03-26 22:06:48.183 +0530 [debug] ([34mindex.js[0m) [31mloading model at "C:\Users\Dell\AppData\Roaming\npm\node_modules\fdk\lib\models\entity-field.js"[0m
2025-03-26 22:06:48.186 +0530 [debug] ([34mindex.js[0m) [31mloading model at "C:\Users\Dell\AppData\Roaming\npm\node_modules\fdk\lib\models\entity.js"[0m
2025-03-26 22:06:48.188 +0530 [debug] ([34mindex.js[0m) [31mloading model at "C:\Users\Dell\AppData\Roaming\npm\node_modules\fdk\lib\models\oauth-details.js"[0m
2025-03-26 22:06:48.191 +0530 [debug] ([34mindex.js[0m) [31mloading model at "C:\Users\Dell\AppData\Roaming\npm\node_modules\fdk\lib\models\record.js"[0m
2025-03-26 22:06:48.198 +0530 [debug] ([34mindex.js[0m) [31mloading model at "C:\Users\Dell\AppData\Roaming\npm\node_modules\fdk\lib\models\string-pivot.js"[0m
2025-03-26 22:06:50.435 +0530 [debug] ([34mdata.js[0m) [31mRead {"version_details":{"cli":{"deprecated":{"version":"<9","message":"This FDK version has been deprecated. There will be no further feature updates to this version. For a seamless app-building experience, ensure to move to the latest FDK version. For more information, see https://developers.freshworks.com/docs/app-sdk/v2.3/freshdesk/migration-guide/#migrate-to-the-latest-platform-version."},"forced":{"version":"7.0.0","command":"npm install https://dl.freshdev.io/cli/fdk-7.0.0.tgz -g","message":"Your FDK version has been forced updated to v7.0.0, please visit https://community.developers.freshworks.com/t/fdk-v7-0-announcing-node-js-v12-and-es6-support/3606 to know more"},"latest":{"version":"9.3.1","command":"npm install https://cdn.freshdev.io/fdk/latest.tgz -g","message":"You are on the latest FDK version. For information on the features available as part of this FDK version, see https://developers.freshworks.com/docs/?tab=modules."}},"addon":{"version":"2.0.8","url":"https://cdn.freshdev.io/assets/fdk/addons/addon.zip"}},"last_updated":{"time_stamp":1742922828014}}[0m
2025-03-26 22:06:52.719 +0530 [debug] ([34mvalidate.js[0m) [31masked to skip the following validations, [0m
2025-03-26 22:06:52.720 +0530 [debug] ([34mvalidate.js[0m) [31mrunning validator actions[0m
2025-03-26 22:06:52.720 +0530 [debug] ([34mvalidate.js[0m) [31mrunning validator requests[0m
2025-03-26 22:06:52.721 +0530 [debug] ([34mvalidate.js[0m) [31mrunning validator app-dir[0m
2025-03-26 22:06:52.723 +0530 [debug] ([34mvalidate.js[0m) [31mrunning validator config-dir[0m
2025-03-26 22:06:52.723 +0530 [debug] ([34mconfig-dir.js[0m) [31mChecking to see if C:\Users\Dell\Desktop\poject-mukul\CallerDesk\phone\new/config/ exists.[0m
2025-03-26 22:06:52.724 +0530 [debug] ([34mconfig-dir.js[0m) [31mFetched the following config files iparams.json[0m
2025-03-26 22:06:52.724 +0530 [debug] ([34mvalidate.js[0m) [31mrunning validator custom-objects[0m
2025-03-26 22:06:52.724 +0530 [debug] ([34mvalidate.js[0m) [31mrunning validator event[0m
2025-03-26 22:06:52.725 +0530 [debug] ([34mvalidate.js[0m) [31mrunning validator iparam[0m
2025-03-26 22:06:52.732 +0530 [debug] ([34mvalidate.js[0m) [31mrunning validator lint[0m
2025-03-26 22:06:52.733 +0530 [debug] ([34mlint.js[0m) [31mpassed fix flag: undefined[0m
2025-03-26 22:06:52.736 +0530 [debug] ([34mlint.js[0m) [31mRunning the following lints on the file app\app.js : no-eval,no-alert,no-debugger,no-unreachable,no-duplicate-imports,constructor-super,for-direction,no-class-assign,no-new-native-nonconstructor,valid-typeof,no-eq-null,no-var,require-await,no-unreachable-loop,no-redeclare,no-self-assign,no-setter-return,no-shadow-restricted-names,no-this-before-super,no-unsafe-finally,no-unsafe-optional-chaining,no-unused-vars,no-useless-catch,eqeqeq,prefer-const,require-yield,no-global-assign,no-caller,no-process-env,complexity,max-nested-callbacks,handle-callback-err,getter-return,no-async-promise-executor,no-case-declarations,no-compare-neg-zero,no-cond-assign,no-const-assign,no-constant-condition,no-control-regex,no-delete-var,no-dupe-args,no-dupe-class-members,no-dupe-else-if,no-dupe-keys,no-duplicate-case,no-empty,no-empty-character-class,no-empty-pattern,no-ex-assign,no-extra-boolean-cast,no-extra-semi,no-fallthrough,no-func-assign,no-import-assign,no-inner-declarations,no-invalid-regexp,no-irregular-whitespace,no-loss-of-precision,no-misleading-character-class,no-mixed-spaces-and-tabs,no-nonoctal-decimal-escape,no-obj-calls,no-octal,no-prototype-builtins,no-regex-spaces,no-sparse-arrays,no-unexpected-multiline,no-unsafe-negation,no-unused-labels,no-useless-backreference,no-useless-escape,no-with,use-isnan,no-unpkg-cdn,no-proxy-requests,no-unhandled-promise,no-logging-rejections,no-non-client-request-model,no-deprecated-apis,no-cross-scope-assign,no-empty-function[0m
2025-03-26 22:06:53.035 +0530 [debug] ([34mvalidate.js[0m) [31mrunning validator manifest[0m
2025-03-26 22:06:53.035 +0530 [debug] ([34mvalidate.js[0m) [31mskipping validator manifest-dependency[0m
2025-03-26 22:06:53.035 +0530 [debug] ([34mvalidate.js[0m) [31mrunning validator oauth[0m
2025-03-26 22:06:53.036 +0530 [debug] ([34mvalidate.js[0m) [31mskipping validator pkgsize[0m
2025-03-26 22:06:53.036 +0530 [debug] ([34mvalidate.js[0m) [31mrunning validator schema[0m
2025-03-26 22:06:53.036 +0530 [debug] ([34mvalidate.js[0m) [31mrunning validator version-check[0m
2025-03-26 22:06:53.037 +0530 [debug] ([34mvalidate.js[0m) [31mrunning validator app-settings[0m
2025-03-26 22:06:53.053 +0530 [debug] ([34mwatcher.js[0m) [31mPreparing to watch the following files ./app,./config,./manifest.json[0m
2025-03-26 22:06:53.066 +0530 [debug] ([34mdata.js[0m) [31mRead {"report_hash":"625aaf5649652741dee6152a35b6daa1d51776ec4a2b67a8d38ce9d5a1b88408","new_101_101_migrate_oauth_status":true,"new_101_101_freshsales":{"new_101_101_custom_iparams":{"__meta":{"secure":["freshdesk_api_key","freshdesk_subdomain"]},"freshdesk_api_key":"Bxw_t9KCt9QTqIPDHok6oQ","freshdesk_subdomain":"deskotel.myfreshworks.com/crm/sales"}}}[0m
2025-03-26 22:06:53.067 +0530 [debug] ([34mcustom-objects.js[0m) [31mto force or not? undefined[0m
2025-03-26 22:06:53.068 +0530 [debug] ([34mcustom-objects.js[0m) [31mbeginning to re-sync db[0m
2025-03-26 22:06:53.629 +0530 [debug] ([34mdata.js[0m) [31mRead {"report_hash":"625aaf5649652741dee6152a35b6daa1d51776ec4a2b67a8d38ce9d5a1b88408","new_101_101_migrate_oauth_status":true,"new_101_101_freshsales":{"new_101_101_custom_iparams":{"__meta":{"secure":["freshdesk_api_key","freshdesk_subdomain"]},"freshdesk_api_key":"Bxw_t9KCt9QTqIPDHok6oQ","freshdesk_subdomain":"deskotel.myfreshworks.com/crm/sales"}}}[0m
2025-03-26 22:06:53.631 +0530 [debug] ([34mcustom-objects.js[0m) [31mupdated local store with latest entity hash[0m
2025-03-26 22:06:53.631 +0530 [debug] ([34mrun.js[0m) [31mmigrate stored oauth configs from localstore to sqlite[0m
2025-03-26 22:06:53.633 +0530 [debug] ([34mdata.js[0m) [31mRead {"report_hash":"625aaf5649652741dee6152a35b6daa1d51776ec4a2b67a8d38ce9d5a1b88408","new_101_101_migrate_oauth_status":true,"new_101_101_freshsales":{"new_101_101_custom_iparams":{"__meta":{"secure":["freshdesk_api_key","freshdesk_subdomain"]},"freshdesk_api_key":"Bxw_t9KCt9QTqIPDHok6oQ","freshdesk_subdomain":"deskotel.myfreshworks.com/crm/sales"}}}[0m
2025-03-26 22:06:53.634 +0530 [debug] ([34mdata.js[0m) [31mRead {"report_hash":"625aaf5649652741dee6152a35b6daa1d51776ec4a2b67a8d38ce9d5a1b88408","new_101_101_migrate_oauth_status":true,"new_101_101_freshsales":{"new_101_101_custom_iparams":{"__meta":{"secure":["freshdesk_api_key","freshdesk_subdomain"]},"freshdesk_api_key":"Bxw_t9KCt9QTqIPDHok6oQ","freshdesk_subdomain":"deskotel.myfreshworks.com/crm/sales"}}}[0m
2025-03-26 22:06:53.634 +0530 [debug] ([34moauth.js[0m) [31mmigration completed, returning[0m
2025-03-26 22:06:53.636 +0530 [info] Starting local testing server at http://*:10001/    
Append 'dev=true' to your Freshsales account URL to start testing    
e.g. https://domain.freshsales.io/contacts/2007663673?dev=true    
Quit the server with Control-C.
2025-03-26 22:06:53.638 +0530 [info] 
To test the installation page, visit - http://localhost:10001/custom_configs
2025-03-26 22:07:11.818 +0530 [debug] ([34miframe.js[0m) [31mReceived local app render request for product freshworks_crm which is not present in the list of products in the app manifest. Falling back to freshsales.[0m
2025-03-26 22:07:11.819 +0530 [debug] ([34moauth.js[0m) [31mFetching oauth configs of product : freshsales[0m
2025-03-26 22:07:11.819 +0530 [debug] ([34miframe.js[0m) [31mChecking is authorized for all oauths [0m
2025-03-26 22:07:11.822 +0530 [debug] ([34mdata.js[0m) [31mRead {"report_hash":"625aaf5649652741dee6152a35b6daa1d51776ec4a2b67a8d38ce9d5a1b88408","new_101_101_migrate_oauth_status":true,"new_101_101_freshsales":{"new_101_101_custom_iparams":{"__meta":{"secure":["freshdesk_api_key","freshdesk_subdomain"]},"freshdesk_api_key":"Bxw_t9KCt9QTqIPDHok6oQ","freshdesk_subdomain":"deskotel.myfreshworks.com/crm/sales"}}}[0m
2025-03-26 22:07:11.826 +0530 [debug] ([34mdata.js[0m) [31mRead {"report_hash":"625aaf5649652741dee6152a35b6daa1d51776ec4a2b67a8d38ce9d5a1b88408","new_101_101_migrate_oauth_status":true,"new_101_101_freshsales":{"new_101_101_custom_iparams":{"__meta":{"secure":["freshdesk_api_key","freshdesk_subdomain"]},"freshdesk_api_key":"Bxw_t9KCt9QTqIPDHok6oQ","freshdesk_subdomain":"deskotel.myfreshworks.com/crm/sales"}}}[0m
2025-03-26 22:07:11.827 +0530 [debug] ([34miframe.js[0m) [31mResponding to product with {"configs":{},"displayName":"new","product":{"freshsales":{"location":{"left_nav_cti":{"url":"agent/template.html","icon":"agent/icon.svg"},"lead_entity_menu":{"url":"agent/template.html","icon":"agent/icon.svg"},"deal_entity_menu":{"url":"agent/template.html","icon":"agent/icon.svg"},"contact_entity_menu":{"url":"agent/template.html","icon":"agent/icon.svg"},"sales_account_entity_menu":{"url":"agent/template.html","icon":"agent/icon.svg"}}}},"modules":{},"features":["db"],"actions":false,"omni":false,"products":["freshsales"],"platform":"2.3","isInstall":false,"oauth_configs_list":[],"isAuthorized":true,"v2":[]}[0m
2025-03-26 22:07:12.313 +0530 [debug] ([34miframe.js[0m) [31mReceived local app render request for product freshworks_crm which is not present in the list of products in the app manifest. Falling back to freshsales.[0m
2025-03-26 22:07:12.313 +0530 [debug] ([34moauth.js[0m) [31mFetching oauth configs of product : freshsales[0m
2025-03-26 22:07:12.313 +0530 [debug] ([34miframe.js[0m) [31mChecking is authorized for all oauths [0m
2025-03-26 22:07:12.314 +0530 [debug] ([34mdata.js[0m) [31mRead {"report_hash":"625aaf5649652741dee6152a35b6daa1d51776ec4a2b67a8d38ce9d5a1b88408","new_101_101_migrate_oauth_status":true,"new_101_101_freshsales":{"new_101_101_custom_iparams":{"__meta":{"secure":["freshdesk_api_key","freshdesk_subdomain"]},"freshdesk_api_key":"Bxw_t9KCt9QTqIPDHok6oQ","freshdesk_subdomain":"deskotel.myfreshworks.com/crm/sales"}}}[0m
2025-03-26 22:07:12.316 +0530 [debug] ([34mdata.js[0m) [31mRead {"report_hash":"625aaf5649652741dee6152a35b6daa1d51776ec4a2b67a8d38ce9d5a1b88408","new_101_101_migrate_oauth_status":true,"new_101_101_freshsales":{"new_101_101_custom_iparams":{"__meta":{"secure":["freshdesk_api_key","freshdesk_subdomain"]},"freshdesk_api_key":"Bxw_t9KCt9QTqIPDHok6oQ","freshdesk_subdomain":"deskotel.myfreshworks.com/crm/sales"}}}[0m
2025-03-26 22:07:12.316 +0530 [debug] ([34miframe.js[0m) [31mResponding to product with {"configs":{},"displayName":"new","product":{"freshsales":{"location":{"left_nav_cti":{"url":"agent/template.html","icon":"agent/icon.svg"},"lead_entity_menu":{"url":"agent/template.html","icon":"agent/icon.svg"},"deal_entity_menu":{"url":"agent/template.html","icon":"agent/icon.svg"},"contact_entity_menu":{"url":"agent/template.html","icon":"agent/icon.svg"},"sales_account_entity_menu":{"url":"agent/template.html","icon":"agent/icon.svg"}}}},"modules":{},"features":["db"],"actions":false,"omni":false,"products":["freshsales"],"platform":"2.3","isInstall":false,"oauth_configs_list":[],"isAuthorized":true,"v2":[]}[0m
2025-03-26 22:07:54.374 +0530 [debug] ([34mdata.js[0m) [31mRead {"report_hash":"625aaf5649652741dee6152a35b6daa1d51776ec4a2b67a8d38ce9d5a1b88408","new_101_101_migrate_oauth_status":true,"new_101_101_freshsales":{"new_101_101_custom_iparams":{"__meta":{"secure":["freshdesk_api_key","freshdesk_subdomain"]},"freshdesk_api_key":"Bxw_t9KCt9QTqIPDHok6oQ","freshdesk_subdomain":"deskotel.myfreshworks.com/crm/sales"}}}[0m
2025-03-26 22:07:54.756 +0530 [debug] ([34mdata.js[0m) [31mRead {"report_hash":"625aaf5649652741dee6152a35b6daa1d51776ec4a2b67a8d38ce9d5a1b88408","new_101_101_migrate_oauth_status":true,"new_101_101_freshsales":{"new_101_101_custom_iparams":{"__meta":{"secure":["freshdesk_api_key","freshdesk_subdomain"]},"freshdesk_api_key":"Bxw_t9KCt9QTqIPDHok6oQ","freshdesk_subdomain":"deskotel.myfreshworks.com/crm/sales"}}}[0m
2025-03-26 22:07:54.903 +0530 [debug] ([34mdata.js[0m) [31mRead {"report_hash":"625aaf5649652741dee6152a35b6daa1d51776ec4a2b67a8d38ce9d5a1b88408","new_101_101_migrate_oauth_status":true,"new_101_101_freshsales":{"new_101_101_custom_iparams":{"__meta":{"secure":["freshdesk_api_key","freshdesk_subdomain"]},"freshdesk_api_key":"Bxw_t9KCt9QTqIPDHok6oQ","freshdesk_subdomain":"deskotel.myfreshworks.com/crm/sales"}}}[0m
2025-03-26 22:07:55.056 +0530 [debug] ([34mdata.js[0m) [31mRead {"report_hash":"625aaf5649652741dee6152a35b6daa1d51776ec4a2b67a8d38ce9d5a1b88408","new_101_101_migrate_oauth_status":true,"new_101_101_freshsales":{"new_101_101_custom_iparams":{"__meta":{"secure":["freshdesk_api_key","freshdesk_subdomain"]},"freshdesk_api_key":"Bxw_t9KCt9QTqIPDHok6oQ","freshdesk_subdomain":"deskotel.myfreshworks.com/crm/sales"}}}[0m
2025-03-26 22:07:55.171 +0530 [debug] ([34mdata.js[0m) [31mRead {"report_hash":"625aaf5649652741dee6152a35b6daa1d51776ec4a2b67a8d38ce9d5a1b88408","new_101_101_migrate_oauth_status":true,"new_101_101_freshsales":{"new_101_101_custom_iparams":{"__meta":{"secure":["freshdesk_api_key","freshdesk_subdomain"]},"freshdesk_api_key":"Bxw_t9KCt9QTqIPDHok6oQ","freshdesk_subdomain":"deskotel.myfreshworks.com/crm/sales"}}}[0m
2025-03-26 22:08:08.497 +0530 [debug] ([34miframe.js[0m) [31mReceived local app render request for product freshworks_crm which is not present in the list of products in the app manifest. Falling back to freshsales.[0m
2025-03-26 22:08:08.497 +0530 [debug] ([34moauth.js[0m) [31mFetching oauth configs of product : freshsales[0m
2025-03-26 22:08:08.498 +0530 [debug] ([34miframe.js[0m) [31mChecking is authorized for all oauths [0m
2025-03-26 22:08:08.500 +0530 [debug] ([34mdata.js[0m) [31mRead {"report_hash":"625aaf5649652741dee6152a35b6daa1d51776ec4a2b67a8d38ce9d5a1b88408","new_101_101_migrate_oauth_status":true,"new_101_101_freshsales":{"new_101_101_custom_iparams":{"__meta":{"secure":["freshdesk_api_key","freshdesk_subdomain"]},"freshdesk_api_key":"Bxw_t9KCt9QTqIPDHok6oQ","freshdesk_subdomain":"deskotel.myfreshworks.com/crm/sales"}}}[0m
2025-03-26 22:08:08.502 +0530 [debug] ([34mdata.js[0m) [31mRead {"report_hash":"625aaf5649652741dee6152a35b6daa1d51776ec4a2b67a8d38ce9d5a1b88408","new_101_101_migrate_oauth_status":true,"new_101_101_freshsales":{"new_101_101_custom_iparams":{"__meta":{"secure":["freshdesk_api_key","freshdesk_subdomain"]},"freshdesk_api_key":"Bxw_t9KCt9QTqIPDHok6oQ","freshdesk_subdomain":"deskotel.myfreshworks.com/crm/sales"}}}[0m
2025-03-26 22:08:08.502 +0530 [debug] ([34miframe.js[0m) [31mResponding to product with {"configs":{},"displayName":"new","product":{"freshsales":{"location":{"left_nav_cti":{"url":"agent/template.html","icon":"agent/icon.svg"},"lead_entity_menu":{"url":"agent/template.html","icon":"agent/icon.svg"},"deal_entity_menu":{"url":"agent/template.html","icon":"agent/icon.svg"},"contact_entity_menu":{"url":"agent/template.html","icon":"agent/icon.svg"},"sales_account_entity_menu":{"url":"agent/template.html","icon":"agent/icon.svg"}}}},"modules":{},"features":["db"],"actions":false,"omni":false,"products":["freshsales"],"platform":"2.3","isInstall":false,"oauth_configs_list":[],"isAuthorized":true,"v2":[]}[0m
2025-03-26 22:08:08.981 +0530 [debug] ([34miframe.js[0m) [31mReceived local app render request for product freshworks_crm which is not present in the list of products in the app manifest. Falling back to freshsales.[0m
2025-03-26 22:08:08.981 +0530 [debug] ([34moauth.js[0m) [31mFetching oauth configs of product : freshsales[0m
2025-03-26 22:08:08.982 +0530 [debug] ([34miframe.js[0m) [31mChecking is authorized for all oauths [0m
2025-03-26 22:08:08.983 +0530 [debug] ([34mdata.js[0m) [31mRead {"report_hash":"625aaf5649652741dee6152a35b6daa1d51776ec4a2b67a8d38ce9d5a1b88408","new_101_101_migrate_oauth_status":true,"new_101_101_freshsales":{"new_101_101_custom_iparams":{"__meta":{"secure":["freshdesk_api_key","freshdesk_subdomain"]},"freshdesk_api_key":"Bxw_t9KCt9QTqIPDHok6oQ","freshdesk_subdomain":"deskotel.myfreshworks.com/crm/sales"}}}[0m
2025-03-26 22:08:08.986 +0530 [debug] ([34mdata.js[0m) [31mRead {"report_hash":"625aaf5649652741dee6152a35b6daa1d51776ec4a2b67a8d38ce9d5a1b88408","new_101_101_migrate_oauth_status":true,"new_101_101_freshsales":{"new_101_101_custom_iparams":{"__meta":{"secure":["freshdesk_api_key","freshdesk_subdomain"]},"freshdesk_api_key":"Bxw_t9KCt9QTqIPDHok6oQ","freshdesk_subdomain":"deskotel.myfreshworks.com/crm/sales"}}}[0m
2025-03-26 22:08:08.986 +0530 [debug] ([34miframe.js[0m) [31mResponding to product with {"configs":{},"displayName":"new","product":{"freshsales":{"location":{"left_nav_cti":{"url":"agent/template.html","icon":"agent/icon.svg"},"lead_entity_menu":{"url":"agent/template.html","icon":"agent/icon.svg"},"deal_entity_menu":{"url":"agent/template.html","icon":"agent/icon.svg"},"contact_entity_menu":{"url":"agent/template.html","icon":"agent/icon.svg"},"sales_account_entity_menu":{"url":"agent/template.html","icon":"agent/icon.svg"}}}},"modules":{},"features":["db"],"actions":false,"omni":false,"products":["freshsales"],"platform":"2.3","isInstall":false,"oauth_configs_list":[],"isAuthorized":true,"v2":[]}[0m
2025-03-26 22:10:43.653 +0530 [debug] ([34mmanifest.js[0m) [31mReloading manifest with {"platform-version":"2.3","product":{"freshsales":{"location":{"left_nav_cti":{"url":"template.html","icon":"/icon.svg"},"lead_entity_menu":{"url":"template.html","icon":"/icon.svg"},"deal_entity_menu":{"url":"template.html","icon":"/icon.svg"},"contact_entity_menu":{"url":"template.html","icon":"/icon.svg"},"sales_account_entity_menu":{"url":"template.html","icon":"/icon.svg"}}}},"engines":{"node":"18.20.7","fdk":"9.3.1"}}.[0m
2025-03-26 22:10:43.655 +0530 [debug] ([34mmanifest.js[0m) [31mInferred db as features.[0m
2025-03-26 22:10:43.656 +0530 [debug] ([34mwatcher.js[0m) [31mBroadcasted "{"file":"manifest.json"}" to all listeners.[0m
2025-03-26 22:10:43.863 +0530 [debug] ([34mmanifest.js[0m) [31mReloading manifest with {"platform-version":"2.3","product":{"freshsales":{"location":{"left_nav_cti":{"url":"template.html","icon":"/icon.svg"},"lead_entity_menu":{"url":"template.html","icon":"/icon.svg"},"deal_entity_menu":{"url":"template.html","icon":"/icon.svg"},"contact_entity_menu":{"url":"template.html","icon":"/icon.svg"},"sales_account_entity_menu":{"url":"template.html","icon":"/icon.svg"}}}},"engines":{"node":"18.20.7","fdk":"9.3.1"}}.[0m
2025-03-26 22:10:43.864 +0530 [debug] ([34mmanifest.js[0m) [31mInferred db as features.[0m
2025-03-26 22:10:43.865 +0530 [debug] ([34mwatcher.js[0m) [31mBroadcasted "{"file":"manifest.json"}" to all listeners.[0m
2025-03-26 22:10:53.976 +0530 [debug] ([34miframe.js[0m) [31mReceived local app render request for product freshworks_crm which is not present in the list of products in the app manifest. Falling back to freshsales.[0m
2025-03-26 22:10:53.977 +0530 [debug] ([34moauth.js[0m) [31mFetching oauth configs of product : freshsales[0m
2025-03-26 22:10:53.977 +0530 [debug] ([34miframe.js[0m) [31mChecking is authorized for all oauths [0m
2025-03-26 22:10:53.978 +0530 [debug] ([34mdata.js[0m) [31mRead {"report_hash":"625aaf5649652741dee6152a35b6daa1d51776ec4a2b67a8d38ce9d5a1b88408","new_101_101_migrate_oauth_status":true,"new_101_101_freshsales":{"new_101_101_custom_iparams":{"__meta":{"secure":["freshdesk_api_key","freshdesk_subdomain"]},"freshdesk_api_key":"Bxw_t9KCt9QTqIPDHok6oQ","freshdesk_subdomain":"deskotel.myfreshworks.com/crm/sales"}}}[0m
2025-03-26 22:10:53.980 +0530 [debug] ([34mdata.js[0m) [31mRead {"report_hash":"625aaf5649652741dee6152a35b6daa1d51776ec4a2b67a8d38ce9d5a1b88408","new_101_101_migrate_oauth_status":true,"new_101_101_freshsales":{"new_101_101_custom_iparams":{"__meta":{"secure":["freshdesk_api_key","freshdesk_subdomain"]},"freshdesk_api_key":"Bxw_t9KCt9QTqIPDHok6oQ","freshdesk_subdomain":"deskotel.myfreshworks.com/crm/sales"}}}[0m
2025-03-26 22:10:53.980 +0530 [debug] ([34miframe.js[0m) [31mResponding to product with {"configs":{},"displayName":"new","product":{"freshsales":{"location":{"left_nav_cti":{"url":"agent/template.html","icon":"agent//icon.svg"},"lead_entity_menu":{"url":"agent/template.html","icon":"agent//icon.svg"},"deal_entity_menu":{"url":"agent/template.html","icon":"agent//icon.svg"},"contact_entity_menu":{"url":"agent/template.html","icon":"agent//icon.svg"},"sales_account_entity_menu":{"url":"agent/template.html","icon":"agent//icon.svg"}}}},"modules":{},"features":["db"],"actions":false,"omni":false,"products":["freshsales"],"platform":"2.3","isInstall":false,"oauth_configs_list":[],"isAuthorized":true,"v2":[]}[0m
2025-03-26 22:10:54.477 +0530 [debug] ([34miframe.js[0m) [31mReceived local app render request for product freshworks_crm which is not present in the list of products in the app manifest. Falling back to freshsales.[0m
2025-03-26 22:10:54.477 +0530 [debug] ([34moauth.js[0m) [31mFetching oauth configs of product : freshsales[0m
2025-03-26 22:10:54.477 +0530 [debug] ([34miframe.js[0m) [31mChecking is authorized for all oauths [0m
2025-03-26 22:10:54.479 +0530 [debug] ([34mdata.js[0m) [31mRead {"report_hash":"625aaf5649652741dee6152a35b6daa1d51776ec4a2b67a8d38ce9d5a1b88408","new_101_101_migrate_oauth_status":true,"new_101_101_freshsales":{"new_101_101_custom_iparams":{"__meta":{"secure":["freshdesk_api_key","freshdesk_subdomain"]},"freshdesk_api_key":"Bxw_t9KCt9QTqIPDHok6oQ","freshdesk_subdomain":"deskotel.myfreshworks.com/crm/sales"}}}[0m
2025-03-26 22:10:54.480 +0530 [debug] ([34mdata.js[0m) [31mRead {"report_hash":"625aaf5649652741dee6152a35b6daa1d51776ec4a2b67a8d38ce9d5a1b88408","new_101_101_migrate_oauth_status":true,"new_101_101_freshsales":{"new_101_101_custom_iparams":{"__meta":{"secure":["freshdesk_api_key","freshdesk_subdomain"]},"freshdesk_api_key":"Bxw_t9KCt9QTqIPDHok6oQ","freshdesk_subdomain":"deskotel.myfreshworks.com/crm/sales"}}}[0m
2025-03-26 22:10:54.481 +0530 [debug] ([34miframe.js[0m) [31mResponding to product with {"configs":{},"displayName":"new","product":{"freshsales":{"location":{"left_nav_cti":{"url":"agent/template.html","icon":"agent//icon.svg"},"lead_entity_menu":{"url":"agent/template.html","icon":"agent//icon.svg"},"deal_entity_menu":{"url":"agent/template.html","icon":"agent//icon.svg"},"contact_entity_menu":{"url":"agent/template.html","icon":"agent//icon.svg"},"sales_account_entity_menu":{"url":"agent/template.html","icon":"agent//icon.svg"}}}},"modules":{},"features":["db"],"actions":false,"omni":false,"products":["freshsales"],"platform":"2.3","isInstall":false,"oauth_configs_list":[],"isAuthorized":true,"v2":[]}[0m
